mktextfm OpenDinSchriftenEngshrift
mktextfm Palatino
mktextfm palatino
mktextfm Times
mktextfm times
mktextfm palatino
mktextfm Helvetica
mktextfm Helvetica
mktextfm Minion
mktextfm minion
mktextfm minion
mktextfm RobotoSlab
mktextfm RobotoSlab
mktextfm RobotoSlab
mktextfm RobotoSlab/BI
mktextfm RobotoSlab
mktextfm RobotoSlab/B
mktextfm RobotoSlab
mktextfm RobotoSlab/I
mktextfm RobotoSlab
mktextfm RobotoSlab
mktextfm RobotoSlab
mktextfm RobotoSlab
mktextfm RobotoSlab
mktextfm RobotoSlab
mktextfm RobotoSlab
mktextfm RobotoSlab
mktextfm RobotoSlab
mktextfm RobotoSlab
mktextfm RobotoSlab
mktextfm RobotoSlab
mktextfm RobotoSlab
mktextfm RobotoSlab
mktextfm RobotoSlab
mktextfm RobotoSlab
mktextfm RobotoSlab
